TN:
SF:/test/lcov/same-dir/extra.c
FN:3,extra
FNDA:0,extra
FNF:1
FNH:0
DA:3,0,D+9fSK6I3QDPStN1zNNHSQ
DA:5,0,5CSegMlb98/MQa/GVK4GJA
DA:6,0,b8mm+l21798f36qRqsh13A
DA:7,0,Akz6nT5N4tMbuO/RXtGUeg
DA:8,0,kxg4ErQdUmYC4KBFinjNXA
DA:9,0,y7GE3Y4FyXCeXcrtqgSVzw
LF:6
LH:0
end_of_record
TN:testprog1
SF:/test/lcov/same-dir/extra.c
FN:3,extra
FNDA:1,extra
FNF:1
FNH:1
DA:3,1,D+9fSK6I3QDPStN1zNNHSQ
DA:5,5,5CSegMlb98/MQa/GVK4GJA
DA:6,24,b8mm+l21798f36qRqsh13A
DA:7,140,Akz6nT5N4tMbuO/RXtGUeg
DA:8,120,kxg4ErQdUmYC4KBFinjNXA
DA:9,1,y7GE3Y4FyXCeXcrtqgSVzw
LF:6
LH:6
end_of_record
TN:testprog2
SF:/test/lcov/same-dir/extra.c
FN:3,extra
FNDA:1,extra
FNF:1
FNH:1
DA:3,1,D+9fSK6I3QDPStN1zNNHSQ
DA:5,5,5CSegMlb98/MQa/GVK4GJA
DA:6,24,b8mm+l21798f36qRqsh13A
DA:7,140,Akz6nT5N4tMbuO/RXtGUeg
DA:8,120,kxg4ErQdUmYC4KBFinjNXA
DA:9,1,y7GE3Y4FyXCeXcrtqgSVzw
LF:6
LH:6
end_of_record
TN:
SF:/test/lcov/same-dir/main.c
FN:5,main
FNDA:0,main
FNF:1
FNH:0
DA:5,0,KKXSpItQGXFxwkTeN3OtBw
DA:7,0,E5i+cZGy9ODgcEYNJEm5IA
DA:8,0,deTs1JR2Mieafou+gUQquA
DA:9,0,/eu9w9CGQgwd6eMLTK15+A
DA:11,0,wmulWaXzTUakn6/th5Rvtw
LF:5
LH:0
end_of_record
TN:testprog1
SF:/test/lcov/same-dir/main.c
FN:5,main
FNDA:1,main
FNF:1
FNH:1
DA:5,1,KKXSpItQGXFxwkTeN3OtBw
DA:7,1,E5i+cZGy9ODgcEYNJEm5IA
DA:8,1,deTs1JR2Mieafou+gUQquA
DA:9,0,/eu9w9CGQgwd6eMLTK15+A
DA:11,1,wmulWaXzTUakn6/th5Rvtw
LF:5
LH:4
end_of_record
TN:testprog2
SF:/test/lcov/same-dir/main.c
FN:5,main
FNDA:1,main
FNF:1
FNH:1
DA:5,1,KKXSpItQGXFxwkTeN3OtBw
DA:7,1,E5i+cZGy9ODgcEYNJEm5IA
DA:8,1,deTs1JR2Mieafou+gUQquA
DA:9,1,/eu9w9CGQgwd6eMLTK15+A
DA:11,0,wmulWaXzTUakn6/th5Rvtw
LF:5
LH:4
end_of_record
