        -:    0:Source:test
        -:    0:Graph:test.gcno
        -:    0:Data:test.gcda
        -:    0:Runs:100
        -:    0:Programs:1
        -:    1:comment line
        -:    2:
      100:    3:a line executed 100%
        1:    3-block  0
       86:    4:a line executed  86%
       85:    5:a line executed  85%
       84:    6:a line executed  84%
       46:    7:a line executed  46%
       45:    8:a line executed  45%
       44:    9:a line executed  44%
        1:   10:a line executed   1%
    #####:   11:a line never executed
